<?xml version="1.0" encoding="UTF-8" standalone="no"?>
<!--
  ~ Copyright 2014-2020 Groupon, Inc
  ~ Copyright 2014-2020 The Billing Project, LLC
  ~
  ~ The Billing Project licenses this file to you under the Apache License, version 2.0
  ~ (the "License"); you may not use this file except in compliance with the
  ~ License.  You may obtain a copy of the License at:
  ~
  ~    http://www.apache.org/licenses/LICENSE-2.0
  ~
  ~ Unless required by applicable law or agreed to in writing, software
  ~ distributed under the License is distributed on an "AS IS" BASIS, WITHOUT
  ~ WARRANTIES OR CONDITIONS OF ANY KIND, either express or implied.  See the
  ~ License for the specific language governing permissions and limitations
  ~ under the License.
  -->
<catalog xmlns:xsi="http://www.w3.org/2001/XMLSchema-instance"
         xsi:noNamespaceSchemaLocation="https://docs.killbill.io/latest/catalog.xsd">
    <effectiveDate>2019-01-01T00:00:00+00:00</effectiveDate>
    <catalogName>ExampleCatalog</catalogName>
    <recurringBillingMode>IN_ADVANCE</recurringBillingMode>
    <currencies>
        <currency>USD</currency>
    </currencies>
    <products>
        <product name="p1">
            <category>BASE</category>
        </product>
    </products>
    <rules>
        <changePolicy>
            <changePolicyCase>
                <policy>END_OF_TERM</policy>
            </changePolicyCase>
        </changePolicy>
        <cancelPolicy>
            <cancelPolicyCase>
                <policy>END_OF_TERM</policy>
            </cancelPolicyCase>
        </cancelPolicy>
    </rules>
    <plans>
        <plan name="p1-fixedterm-with-recurring">
            <product>p1</product>
            <initialPhases>
            </initialPhases>
            <finalPhase type="FIXEDTERM">
                <duration>
                    <unit>MONTHS</unit>
                    <number>12</number>
                </duration>
                <recurring>
                    <billingPeriod>MONTHLY</billingPeriod>
                    <recurringPrice>
                        <price>
                            <currency>USD</currency>
                            <value>30</value>
                        </price>
                    </recurringPrice>
                </recurring>
            </finalPhase>
        </plan>
  <plan name="p1-fixedterm-one-time-and-recurring">
            <product>p1</product>
            <initialPhases>
            </initialPhases>
            <finalPhase type="FIXEDTERM">
                <duration>
                    <unit>MONTHS</unit>
                    <number>12</number>
                </duration>
				<fixed>
                    <fixedPrice>
                        <price>
                            <currency>USD</currency>
                            <value>10</value>
                        </price>
                    </fixedPrice>
                </fixed>				
                <recurring>
                    <billingPeriod>MONTHLY</billingPeriod>
                    <recurringPrice>
                        <price>
                            <currency>USD</currency>
                            <value>30</value>
                        </price>
                    </recurringPrice>
                </recurring>
            </finalPhase>
        </plan>
    <plan name="p1-fixedterm-one-time-no-recurring">
            <product>p1</product>
            <initialPhases>
            </initialPhases>
            <finalPhase type="FIXEDTERM">
                <duration>
                    <unit>MONTHS</unit>
                    <number>3</number>
                </duration>
				<fixed>
                    <fixedPrice>
                        <price>
                            <currency>USD</currency>
                            <value>10</value>
                        </price>
                    </fixedPrice>
                </fixed>				
            </finalPhase>
        </plan>
        <plan name="p1-fixedterm-no-recurring-and-evergreen">
            <product>p1</product>
           <initialPhases>
                <phase type="FIXEDTERM">
                    <duration>
                        <unit>MONTHS</unit>
                        <number>12</number>
                    </duration>
				<fixed>
                    <fixedPrice>
                        <price>
                            <currency>USD</currency>
                            <value>10</value>
                        </price>
                    </fixedPrice>
                </fixed>				
                </phase>
            </initialPhases>
            <finalPhase type="EVERGREEN">
                <duration>
                    <unit>UNLIMITED</unit>
                    <number>-1</number>
                </duration>
                <recurring>
                    <billingPeriod>MONTHLY</billingPeriod>
                    <recurringPrice>
                        <price>
                            <currency>USD</currency>
                            <value>199.95</value>
                        </price>
                    </recurringPrice>
                </recurring>
            </finalPhase>
        </plan>
        <plan name="p1-trial-with-fixed-price-only-and-evergreen">
            <product>p1</product>
            <initialPhases>
                <phase type="TRIAL">
                    <duration>
                        <unit>DAYS</unit>
                        <number>10</number>
                    </duration>
                    <fixed>
                        <fixedPrice>
                            <price>
                                <currency>USD</currency>
                                <value>10</value>
                            </price>
                        </fixedPrice>
                    </fixed>
                </phase>
            </initialPhases>
            <finalPhase type="EVERGREEN">
                <duration>
                    <unit>UNLIMITED</unit>
                    <number>-1</number>
                </duration>
                <recurring>
                    <billingPeriod>MONTHLY</billingPeriod>
                    <recurringPrice>
                        <price>
                            <currency>USD</currency>
                            <value>30</value>
                        </price>
                    </recurringPrice>
                </recurring>
            </finalPhase>
        </plan>
        <plan name="p1-trial-with-no-fixed-and-recurring-price-and-evergreen">
            <product>p1</product>
            <initialPhases>
                <phase type="TRIAL">
                    <duration>
                        <unit>DAYS</unit>
                        <number>10</number>
                    </duration>
                    <fixed>
                        <fixedPrice>
                        </fixedPrice>
                    </fixed>
                </phase>
            </initialPhases>
            <finalPhase type="EVERGREEN">
                <duration>
                    <unit>UNLIMITED</unit>
                    <number>-1</number>
                </duration>
                <recurring>
                    <billingPeriod>MONTHLY</billingPeriod>
                    <recurringPrice>
                        <price>
                            <currency>USD</currency>
                            <value>30</value>
                        </price>
                    </recurringPrice>
                </recurring>
            </finalPhase>
        </plan>
        <plan name="p1-trial-and-fixedterm-with-recurring-price">
            <product>p1</product>
            <initialPhases>
                <phase type="TRIAL">
                    <duration>
                        <unit>DAYS</unit>
                        <number>10</number>
                    </duration>
                    <fixed>
                        <fixedPrice>
                            <price>
                                <currency>USD</currency>
                                <value>10</value>
                            </price>
                        </fixedPrice>
                    </fixed>
                </phase>
            </initialPhases>
            <finalPhase type="FIXEDTERM">
                <duration>
                    <unit>MONTHS</unit>
                    <number>3</number>
                </duration>
                <recurring>
                    <billingPeriod>MONTHLY</billingPeriod>
                    <recurringPrice>
                        <price>
                            <currency>USD</currency>
                            <value>30</value>
                        </price>
                    </recurringPrice>
                </recurring>
            </finalPhase>
        </plan>
        <plan name="p1-discount-and-fixedterm-with-fixed-price">
            <product>p1</product>
            <initialPhases>
                <phase type="DISCOUNT">
                    <duration>
                        <unit>DAYS</unit>
                        <number>10</number>
                    </duration>
                    <fixed>
                        <fixedPrice>
                            <price>
                                <currency>USD</currency>
                                <value>10</value>
                            </price>
                        </fixedPrice>
                    </fixed>
                </phase>
            </initialPhases>
            <finalPhase type="FIXEDTERM">
                <duration>
                    <unit>MONTHS</unit>
                    <number>3</number>
                </duration>
                <fixed>
                    <fixedPrice>
                        <price>
                            <currency>USD</currency>
                            <value>100</value>
                        </price>
                    </fixedPrice>
                </fixed>
            </finalPhase>
        </plan>
        <plan name="p1-evergreen">
            <product>p1</product>
            <initialPhases>
            </initialPhases>
            <finalPhase type="EVERGREEN">
                <duration>
                    <unit>UNLIMITED</unit>
                    <number>-1</number>
                </duration>
                <recurring>
                    <billingPeriod>MONTHLY</billingPeriod>
                    <recurringPrice>
                        <price>
                            <currency>USD</currency>
                            <value>30</value>
                        </price>
                    </recurringPrice>
                </recurring>
            </finalPhase>
        </plan>
    </plans>
    <priceLists>
        <defaultPriceList name="DEFAULT">
            <plans>
                <plan>p1-fixedterm-with-recurring</plan>
				<plan>p1-fixedterm-one-time-and-recurring</plan>
				<plan>p1-fixedterm-one-time-no-recurring</plan>
				<plan>p1-fixedterm-no-recurring-and-evergreen</plan>
				<plan>p1-evergreen</plan>
                <plan>p1-trial-with-fixed-price-only-and-evergreen</plan>
                <plan>p1-trial-with-no-fixed-and-recurring-price-and-evergreen</plan>
                <plan>p1-trial-and-fixedterm-with-recurring-price</plan>
                <plan>p1-discount-and-fixedterm-with-fixed-price</plan>
            </plans>
        </defaultPriceList>
    </priceLists>
</catalog>